Performing C SOURCE FILE Test CMAKE_HAVE_LIBC_PTHREAD failed with the following output:
Change Dir: /mnt/d/ACME/Code_Storage/TestTDD/cmake_learn/build/CMakeFiles/CMakeTmp

Run Build Command(s):/usr/bin/make -f Makefile cmTC_3b70c/fast && /usr/bin/make  -f CMakeFiles/cmTC_3b70c.dir/build.make CMakeFiles/cmTC_3b70c.dir/build
make[1]: Entering directory '/mnt/d/ACME/Code_Storage/TestTDD/cmake_learn/build/CMakeFiles/CMakeTmp'
Building C object CMakeFiles/cmTC_3b70c.dir/src.c.o
/usr/bin/x86_64-linux-gnu-gcc-7 -DCMAKE_HAVE_LIBC_PTHREAD   -o CMakeFiles/cmTC_3b70c.dir/src.c.o -c /mnt/d/ACME/Code_Storage/TestTDD/cmake_learn/build/CMakeFiles/CMakeTmp/src.c
Linking C executable cmTC_3b70c
/home/neil/.local/lib/python3.8/site-packages/cmake/data/bin/cmake -E cmake_link_script CMakeFiles/cmTC_3b70c.dir/link.txt --verbose=1
/usr/bin/x86_64-linux-gnu-gcc-7 CMakeFiles/cmTC_3b70c.dir/src.c.o -o cmTC_3b70c 
CMakeFiles/cmTC_3b70c.dir/src.c.o: In function `main':
src.c:(.text+0x3e): undefined reference to `pthread_create'
src.c:(.text+0x4a): undefined reference to `pthread_detach'
src.c:(.text+0x56): undefined reference to `pthread_cancel'
src.c:(.text+0x67): undefined reference to `pthread_join'
src.c:(.text+0x7b): undefined reference to `pthread_atfork'
collect2: error: ld returned 1 exit status
CMakeFiles/cmTC_3b70c.dir/build.make:98: recipe for target 'cmTC_3b70c' failed
make[1]: *** [cmTC_3b70c] Error 1
make[1]: Leaving directory '/mnt/d/ACME/Code_Storage/TestTDD/cmake_learn/build/CMakeFiles/CMakeTmp'
Makefile:127: recipe for target 'cmTC_3b70c/fast' failed
make: *** [cmTC_3b70c/fast] Error 2


Source file was:
#include <pthread.h>

static void* test_func(void* data)
{
  return data;
}

int main(void)
{
  pthread_t thread;
  pthread_create(&thread, NULL, test_func, NULL);
  pthread_detach(thread);
  pthread_cancel(thread);
  pthread_join(thread, NULL);
  pthread_atfork(NULL, NULL, NULL);
  pthread_exit(NULL);

  return 0;
}

Determining if the function pthread_create exists in the pthreads failed with the following output:
Change Dir: /mnt/d/ACME/Code_Storage/TestTDD/cmake_learn/build/CMakeFiles/CMakeTmp

Run Build Command(s):/usr/bin/make -f Makefile cmTC_3b5df/fast && /usr/bin/make  -f CMakeFiles/cmTC_3b5df.dir/build.make CMakeFiles/cmTC_3b5df.dir/build
make[1]: Entering directory '/mnt/d/ACME/Code_Storage/TestTDD/cmake_learn/build/CMakeFiles/CMakeTmp'
Building C object CMakeFiles/cmTC_3b5df.dir/CheckFunctionExists.c.o
/usr/bin/x86_64-linux-gnu-gcc-7   -DCHECK_FUNCTION_EXISTS=pthread_create -o CMakeFiles/cmTC_3b5df.dir/CheckFunctionExists.c.o -c /home/neil/.local/lib/python3.8/site-packages/cmake/data/share/cmake-3.22/Modules/CheckFunctionExists.c
Linking C executable cmTC_3b5df
/home/neil/.local/lib/python3.8/site-packages/cmake/data/bin/cmake -E cmake_link_script CMakeFiles/cmTC_3b5df.dir/link.txt --verbose=1
/usr/bin/x86_64-linux-gnu-gcc-7  -DCHECK_FUNCTION_EXISTS=pthread_create CMakeFiles/cmTC_3b5df.dir/CheckFunctionExists.c.o -o cmTC_3b5df  -lpthreads 
/usr/bin/ld: cannot find -lpthreads
collect2: error: ld returned 1 exit status
CMakeFiles/cmTC_3b5df.dir/build.make:98: recipe for target 'cmTC_3b5df' failed
make[1]: *** [cmTC_3b5df] Error 1
make[1]: Leaving directory '/mnt/d/ACME/Code_Storage/TestTDD/cmake_learn/build/CMakeFiles/CMakeTmp'
Makefile:127: recipe for target 'cmTC_3b5df/fast' failed
make: *** [cmTC_3b5df/fast] Error 2



